<?xml version="1.0" encoding="UTF-8"?>
<testng-results ignored="0" total="1" passed="1" failed="0" skipped="0">
  <reporter-output>
  </reporter-output>
  <suite started-at="2025-01-14T15:57:07 SGT" name="Surefire suite" finished-at="2025-01-14T15:57:56 SGT" duration-ms="49037">
    <groups>
    </groups>
    <test started-at="2025-01-14T15:57:07 SGT" name="Surefire test" finished-at="2025-01-14T15:57:56 SGT" duration-ms="49037">
      <class name="AmaysimQATest1.AmaysimQA">
        <test-method is-config="true" signature="setup()[pri:0, instance:AmaysimQATest1.AmaysimQA@75437611]" started-at="2025-01-14T15:57:07 SGT" name="setup" finished-at="2025-01-14T15:57:09 SGT" duration-ms="1878" status="PASS">
          <reporter-output>
          </reporter-output>
        </test-method> <!-- setup -->
        <test-method signature="AmaysimQAPlanSubcription()[pri:0, instance:AmaysimQATest1.AmaysimQA@75437611]" started-at="2025-01-14T15:57:09 SGT" name="AmaysimQAPlanSubcription" finished-at="2025-01-14T15:57:56 SGT" duration-ms="47010" status="PASS">
          <reporter-output>
          </reporter-output>
        </test-method> <!-- AmaysimQAPlanSubcription -->
      </class> <!-- AmaysimQATest1.AmaysimQA -->
    </test> <!-- Surefire test -->
  </suite> <!-- Surefire suite -->
</testng-results>
